<?xml version="1.0" encoding="UTF-8"?>
<coverage generated="1596760011">
  <project timestamp="1596760011">
    <package name="floor12\DalliApi">
      <file name="/Users/floor12/PhpstormProjects/dalli-api/src/DalliApiEndpoint.php">
        <class name="floor12\DalliApi\DalliApiEndpoint" namespace="floor12\DalliApi">
          <metrics complexity="0" methods="0" coveredmethods="0" conditionals="0" coveredconditionals="0" statements="0" coveredstatements="0" elements="0" coveredelements="0"/>
        </class>
        <metrics loc="11" ncloc="11" classes="0" methods="0" coveredmethods="0" conditionals="0" coveredconditionals="0" statements="0" coveredstatements="0" elements="0" coveredelements="0"/>
      </file>
      <file name="/Users/floor12/PhpstormProjects/dalli-api/src/DalliClient.php">
        <class name="floor12\DalliApi\DalliClient" namespace="floor12\DalliApi">
          <metrics complexity="2" methods="2" coveredmethods="2" conditionals="0" coveredconditionals="0" statements="6" coveredstatements="6" elements="8" coveredelements="8"/>
        </class>
        <line num="26" type="method" name="__construct" visibility="public" complexity="1" crap="1" count="1"/>
        <line num="28" type="stmt" count="1"/>
        <line num="29" type="stmt" count="1"/>
        <line num="30" type="stmt" count="1"/>
        <line num="37" type="method" name="sendApiRequest" visibility="public" complexity="1" crap="1" count="1"/>
        <line num="39" type="stmt" count="1"/>
        <line num="40" type="stmt" count="1"/>
        <line num="41" type="stmt" count="1"/>
        <metrics loc="43" ncloc="27" classes="1" methods="2" coveredmethods="2" conditionals="0" coveredconditionals="0" statements="6" coveredstatements="6" elements="8" coveredelements="8"/>
      </file>
    </package>
    <package name="floor12\DalliApi\Enum">
      <file name="/Users/floor12/PhpstormProjects/dalli-api/src/Enum/DalliService.php">
        <class name="floor12\DalliApi\Enum\DalliService" namespace="floor12\DalliApi\Enum">
          <metrics complexity="0" methods="0" coveredmethods="0" conditionals="0" coveredconditionals="0" statements="0" coveredstatements="0" elements="0" coveredelements="0"/>
        </class>
        <metrics loc="24" ncloc="24" classes="0" methods="0" coveredmethods="0" conditionals="0" coveredconditionals="0" statements="0" coveredstatements="0" elements="0" coveredelements="0"/>
      </file>
      <file name="/Users/floor12/PhpstormProjects/dalli-api/src/Enum/PayType.php">
        <class name="floor12\DalliApi\Enum\PayType" namespace="floor12\DalliApi\Enum">
          <metrics complexity="0" methods="0" coveredmethods="0" conditionals="0" coveredconditionals="0" statements="0" coveredstatements="0" elements="0" coveredelements="0"/>
        </class>
        <metrics loc="12" ncloc="12" classes="0" methods="0" coveredmethods="0" conditionals="0" coveredconditionals="0" statements="0" coveredstatements="0" elements="0" coveredelements="0"/>
      </file>
    </package>
    <package name="floor12\DalliApi\Models">
      <file name="/Users/floor12/PhpstormProjects/dalli-api/src/Models/Below.php">
        <class name="floor12\DalliApi\Models\Below" namespace="floor12\DalliApi\Models">
          <metrics complexity="10" methods="10" coveredmethods="5" conditionals="0" coveredconditionals="0" statements="15" coveredstatements="10" elements="25" coveredelements="15"/>
        </class>
        <line num="23" type="method" name="getAbovePrice" visibility="public" complexity="1" crap="2.00" count="0"/>
        <line num="25" type="stmt" count="0"/>
        <line num="33" type="method" name="setAbovePrice" visibility="public" complexity="1" crap="1" count="2"/>
        <line num="35" type="stmt" count="2"/>
        <line num="36" type="stmt" count="2"/>
        <line num="42" type="method" name="getReturnPrice" visibility="public" complexity="1" crap="2.00" count="0"/>
        <line num="44" type="stmt" count="0"/>
        <line num="52" type="method" name="setReturnPrice" visibility="public" complexity="1" crap="1" count="1"/>
        <line num="54" type="stmt" count="1"/>
        <line num="55" type="stmt" count="1"/>
        <line num="61" type="method" name="getBelow" visibility="public" complexity="1" crap="2.00" count="0"/>
        <line num="63" type="stmt" count="0"/>
        <line num="71" type="method" name="setBelow" visibility="public" complexity="1" crap="1" count="2"/>
        <line num="73" type="stmt" count="2"/>
        <line num="74" type="stmt" count="2"/>
        <line num="80" type="method" name="getBelowSum" visibility="public" complexity="1" crap="2.00" count="0"/>
        <line num="82" type="stmt" count="0"/>
        <line num="90" type="method" name="setBelowSum" visibility="public" complexity="1" crap="1" count="1"/>
        <line num="92" type="stmt" count="1"/>
        <line num="93" type="stmt" count="1"/>
        <line num="99" type="method" name="getPrice" visibility="public" complexity="1" crap="2.00" count="0"/>
        <line num="101" type="stmt" count="0"/>
        <line num="109" type="method" name="setPrice" visibility="public" complexity="1" crap="1" count="2"/>
        <line num="111" type="stmt" count="2"/>
        <line num="112" type="stmt" count="2"/>
        <metrics loc="115" ncloc="70" classes="1" methods="10" coveredmethods="5" conditionals="0" coveredconditionals="0" statements="15" coveredstatements="10" elements="25" coveredelements="15"/>
      </file>
      <file name="/Users/floor12/PhpstormProjects/dalli-api/src/Models/Item.php">
        <class name="floor12\DalliApi\Models\Item" namespace="floor12\DalliApi\Models">
          <metrics complexity="10" methods="10" coveredmethods="5" conditionals="0" coveredconditionals="0" statements="15" coveredstatements="10" elements="25" coveredelements="15"/>
        </class>
        <line num="23" type="method" name="getQuantity" visibility="public" complexity="1" crap="2.00" count="0"/>
        <line num="25" type="stmt" count="0"/>
        <line num="32" type="method" name="setQuantity" visibility="public" complexity="1" crap="1" count="2"/>
        <line num="34" type="stmt" count="2"/>
        <line num="35" type="stmt" count="2"/>
        <line num="41" type="method" name="getMass" visibility="public" complexity="1" crap="2.00" count="0"/>
        <line num="43" type="stmt" count="0"/>
        <line num="51" type="method" name="setMass" visibility="public" complexity="1" crap="1" count="2"/>
        <line num="53" type="stmt" count="2"/>
        <line num="54" type="stmt" count="2"/>
        <line num="60" type="method" name="getRetprice" visibility="public" complexity="1" crap="2.00" count="0"/>
        <line num="62" type="stmt" count="0"/>
        <line num="70" type="method" name="setRetprice" visibility="public" complexity="1" crap="1" count="2"/>
        <line num="72" type="stmt" count="2"/>
        <line num="73" type="stmt" count="2"/>
        <line num="79" type="method" name="getBarcode" visibility="public" complexity="1" crap="2.00" count="0"/>
        <line num="81" type="stmt" count="0"/>
        <line num="89" type="method" name="setBarcode" visibility="public" complexity="1" crap="1" count="2"/>
        <line num="91" type="stmt" count="2"/>
        <line num="92" type="stmt" count="2"/>
        <line num="98" type="method" name="getArticle" visibility="public" complexity="1" crap="2.00" count="0"/>
        <line num="100" type="stmt" count="0"/>
        <line num="108" type="method" name="setArticle" visibility="public" complexity="1" crap="1" count="1"/>
        <line num="110" type="stmt" count="1"/>
        <line num="111" type="stmt" count="1"/>
        <metrics loc="113" ncloc="69" classes="1" methods="10" coveredmethods="5" conditionals="0" coveredconditionals="0" statements="15" coveredstatements="10" elements="25" coveredelements="15"/>
      </file>
      <file name="/Users/floor12/PhpstormProjects/dalli-api/src/Models/Order.php">
        <class name="floor12\DalliApi\Models\Order" namespace="floor12\DalliApi\Models">
          <metrics complexity="28" methods="28" coveredmethods="13" conditionals="0" coveredconditionals="0" statements="43" coveredstatements="26" elements="71" coveredelements="39"/>
        </class>
        <line num="39" type="method" name="getReceiver" visibility="public" complexity="1" crap="2.00" count="0"/>
        <line num="41" type="stmt" count="0"/>
        <line num="49" type="method" name="setReceiver" visibility="public" complexity="1" crap="1" count="1"/>
        <line num="51" type="stmt" count="1"/>
        <line num="52" type="stmt" count="1"/>
        <line num="58" type="method" name="getService" visibility="public" complexity="1" crap="2.00" count="0"/>
        <line num="60" type="stmt" count="0"/>
        <line num="68" type="method" name="setService" visibility="public" complexity="1" crap="1" count="1"/>
        <line num="70" type="stmt" count="1"/>
        <line num="71" type="stmt" count="1"/>
        <line num="77" type="method" name="getWeight" visibility="public" complexity="1" crap="2.00" count="0"/>
        <line num="79" type="stmt" count="0"/>
        <line num="87" type="method" name="setWeight" visibility="public" complexity="1" crap="1" count="1"/>
        <line num="89" type="stmt" count="1"/>
        <line num="90" type="stmt" count="1"/>
        <line num="96" type="method" name="getQuantity" visibility="public" complexity="1" crap="2.00" count="0"/>
        <line num="98" type="stmt" count="0"/>
        <line num="106" type="method" name="setQuantity" visibility="public" complexity="1" crap="1" count="1"/>
        <line num="108" type="stmt" count="1"/>
        <line num="109" type="stmt" count="1"/>
        <line num="115" type="method" name="getPaytype" visibility="public" complexity="1" crap="2.00" count="0"/>
        <line num="117" type="stmt" count="0"/>
        <line num="125" type="method" name="setPaytype" visibility="public" complexity="1" crap="1" count="1"/>
        <line num="127" type="stmt" count="1"/>
        <line num="128" type="stmt" count="1"/>
        <line num="134" type="method" name="getPrice" visibility="public" complexity="1" crap="2.00" count="0"/>
        <line num="136" type="stmt" count="0"/>
        <line num="144" type="method" name="setPrice" visibility="public" complexity="1" crap="1" count="1"/>
        <line num="146" type="stmt" count="1"/>
        <line num="147" type="stmt" count="1"/>
        <line num="153" type="method" name="getPriced" visibility="public" complexity="1" crap="2.00" count="0"/>
        <line num="155" type="stmt" count="0"/>
        <line num="163" type="method" name="setPriced" visibility="public" complexity="1" crap="1" count="1"/>
        <line num="165" type="stmt" count="1"/>
        <line num="166" type="stmt" count="1"/>
        <line num="172" type="method" name="getInshprice" visibility="public" complexity="1" crap="2.00" count="0"/>
        <line num="174" type="stmt" count="0"/>
        <line num="182" type="method" name="setInshprice" visibility="public" complexity="1" crap="1" count="1"/>
        <line num="184" type="stmt" count="1"/>
        <line num="185" type="stmt" count="1"/>
        <line num="191" type="method" name="getUpsnak" visibility="public" complexity="1" crap="2.00" count="0"/>
        <line num="193" type="stmt" count="0"/>
        <line num="201" type="method" name="setUpsnak" visibility="public" complexity="1" crap="1" count="1"/>
        <line num="203" type="stmt" count="1"/>
        <line num="204" type="stmt" count="1"/>
        <line num="210" type="method" name="getInstruction" visibility="public" complexity="1" crap="2.00" count="0"/>
        <line num="212" type="stmt" count="0"/>
        <line num="220" type="method" name="setInstruction" visibility="public" complexity="1" crap="1" count="1"/>
        <line num="222" type="stmt" count="1"/>
        <line num="223" type="stmt" count="1"/>
        <line num="229" type="method" name="getDeliveryset" visibility="public" complexity="1" crap="2.00" count="0"/>
        <line num="231" type="stmt" count="0"/>
        <line num="239" type="method" name="setDeliveryset" visibility="public" complexity="1" crap="2.00" count="0"/>
        <line num="241" type="stmt" count="0"/>
        <line num="242" type="stmt" count="0"/>
        <line num="249" type="method" name="addDeliveryset" visibility="public" complexity="1" crap="1" count="1"/>
        <line num="251" type="stmt" count="1"/>
        <line num="252" type="stmt" count="1"/>
        <line num="258" type="method" name="getItems" visibility="public" complexity="1" crap="2.00" count="0"/>
        <line num="260" type="stmt" count="0"/>
        <line num="268" type="method" name="setItems" visibility="public" complexity="1" crap="2.00" count="0"/>
        <line num="270" type="stmt" count="0"/>
        <line num="271" type="stmt" count="0"/>
        <line num="279" type="method" name="addItem" visibility="public" complexity="1" crap="1" count="1"/>
        <line num="281" type="stmt" count="1"/>
        <line num="282" type="stmt" count="1"/>
        <line num="288" type="method" name="getOrderno" visibility="public" complexity="1" crap="2.00" count="0"/>
        <line num="290" type="stmt" count="0"/>
        <line num="298" type="method" name="setOrderno" visibility="public" complexity="1" crap="1" count="1"/>
        <line num="300" type="stmt" count="1"/>
        <line num="301" type="stmt" count="1"/>
        <metrics loc="304" ncloc="178" classes="1" methods="28" coveredmethods="13" conditionals="0" coveredconditionals="0" statements="43" coveredstatements="26" elements="71" coveredelements="39"/>
      </file>
      <file name="/Users/floor12/PhpstormProjects/dalli-api/src/Models/Receiver.php">
        <class name="floor12\DalliApi\Models\Receiver" namespace="floor12\DalliApi\Models">
          <metrics complexity="16" methods="16" coveredmethods="8" conditionals="0" coveredconditionals="0" statements="24" coveredstatements="16" elements="40" coveredelements="24"/>
        </class>
        <line num="28" type="method" name="getTown" visibility="public" complexity="1" crap="2.00" count="0"/>
        <line num="30" type="stmt" count="0"/>
        <line num="38" type="method" name="setTown" visibility="public" complexity="1" crap="1" count="2"/>
        <line num="40" type="stmt" count="2"/>
        <line num="41" type="stmt" count="2"/>
        <line num="47" type="method" name="getAddress" visibility="public" complexity="1" crap="2.00" count="0"/>
        <line num="49" type="stmt" count="0"/>
        <line num="57" type="method" name="setAddress" visibility="public" complexity="1" crap="1" count="2"/>
        <line num="59" type="stmt" count="2"/>
        <line num="60" type="stmt" count="2"/>
        <line num="66" type="method" name="getPerson" visibility="public" complexity="1" crap="2.00" count="0"/>
        <line num="68" type="stmt" count="0"/>
        <line num="76" type="method" name="setPerson" visibility="public" complexity="1" crap="1" count="2"/>
        <line num="78" type="stmt" count="2"/>
        <line num="79" type="stmt" count="2"/>
        <line num="85" type="method" name="getPhone" visibility="public" complexity="1" crap="2.00" count="0"/>
        <line num="87" type="stmt" count="0"/>
        <line num="95" type="method" name="setPhone" visibility="public" complexity="1" crap="1" count="2"/>
        <line num="97" type="stmt" count="2"/>
        <line num="98" type="stmt" count="2"/>
        <line num="104" type="method" name="getDate" visibility="public" complexity="1" crap="2.00" count="0"/>
        <line num="106" type="stmt" count="0"/>
        <line num="114" type="method" name="setDate" visibility="public" complexity="1" crap="1" count="2"/>
        <line num="116" type="stmt" count="2"/>
        <line num="117" type="stmt" count="2"/>
        <line num="123" type="method" name="getTimeMin" visibility="public" complexity="1" crap="2.00" count="0"/>
        <line num="125" type="stmt" count="0"/>
        <line num="133" type="method" name="setTimeMin" visibility="public" complexity="1" crap="1" count="2"/>
        <line num="135" type="stmt" count="2"/>
        <line num="136" type="stmt" count="2"/>
        <line num="142" type="method" name="getTimeMax" visibility="public" complexity="1" crap="2.00" count="0"/>
        <line num="144" type="stmt" count="0"/>
        <line num="152" type="method" name="setTimeMax" visibility="public" complexity="1" crap="1" count="2"/>
        <line num="154" type="stmt" count="2"/>
        <line num="155" type="stmt" count="2"/>
        <line num="161" type="method" name="getZipcode" visibility="public" complexity="1" crap="2.00" count="0"/>
        <line num="163" type="stmt" count="0"/>
        <line num="171" type="method" name="setZipcode" visibility="public" complexity="1" crap="1" count="2"/>
        <line num="173" type="stmt" count="2"/>
        <line num="174" type="stmt" count="2"/>
        <metrics loc="176" ncloc="104" classes="1" methods="16" coveredmethods="8" conditionals="0" coveredconditionals="0" statements="24" coveredstatements="16" elements="40" coveredelements="24"/>
      </file>
      <file name="/Users/floor12/PhpstormProjects/dalli-api/src/Models/XmlObject.php">
        <class name="floor12\DalliApi\Models\XmlObject" namespace="floor12\DalliApi\Models">
          <metrics complexity="15" methods="6" coveredmethods="6" conditionals="0" coveredconditionals="0" statements="29" coveredstatements="29" elements="35" coveredelements="35"/>
        </class>
        <line num="18" type="method" name="getAsXmlObject" visibility="public" complexity="2" crap="2" count="6"/>
        <line num="20" type="stmt" count="6"/>
        <line num="21" type="stmt" count="6"/>
        <line num="22" type="stmt" count="6"/>
        <line num="23" type="stmt" count="6"/>
        <line num="25" type="stmt" count="6"/>
        <line num="33" type="method" name="processAttributeNameAndValue" visibility="protected" complexity="4" crap="4" count="6"/>
        <line num="35" type="stmt" count="6"/>
        <line num="36" type="stmt" count="3"/>
        <line num="37" type="stmt" count="6"/>
        <line num="38" type="stmt" count="1"/>
        <line num="39" type="stmt" count="6"/>
        <line num="40" type="stmt" count="1"/>
        <line num="42" type="stmt" count="6"/>
        <line num="44" type="stmt" count="6"/>
        <line num="51" type="method" name="addValueAsArray" visibility="protected" complexity="3" crap="3" count="1"/>
        <line num="53" type="stmt" count="1"/>
        <line num="54" type="stmt" count="1"/>
        <line num="55" type="stmt" count="1"/>
        <line num="56" type="stmt" count="1"/>
        <line num="57" type="stmt" count="1"/>
        <line num="60" type="stmt" count="1"/>
        <line num="66" type="method" name="addValueAsObject" visibility="protected" complexity="2" crap="2" count="1"/>
        <line num="68" type="stmt" count="1"/>
        <line num="69" type="stmt" count="1"/>
        <line num="70" type="stmt" count="1"/>
        <line num="71" type="stmt" count="1"/>
        <line num="79" type="method" name="addValueAsString" visibility="protected" complexity="3" crap="3" count="6"/>
        <line num="81" type="stmt" count="6"/>
        <line num="82" type="stmt" count="1"/>
        <line num="83" type="stmt" count="6"/>
        <line num="84" type="stmt" count="5"/>
        <line num="86" type="stmt" count="2"/>
        <line num="94" type="method" name="getAsXmlString" visibility="public" complexity="1" crap="1" count="6"/>
        <line num="96" type="stmt" count="6"/>
        <metrics loc="98" ncloc="70" classes="1" methods="6" coveredmethods="6" conditionals="0" coveredconditionals="0" statements="29" coveredstatements="29" elements="35" coveredelements="35"/>
      </file>
    </package>
    <metrics files="9" loc="896" ncloc="565" classes="6" methods="72" coveredmethods="39" conditionals="0" coveredconditionals="0" statements="132" coveredstatements="97" elements="204" coveredelements="136"/>
  </project>
</coverage>
